<?xml version="1.0" encoding="UTF-8"?>
<testsuite name="az.example.rateofexchange.services.impl.ExchangeServiceImplTest" tests="7" skipped="0" failures="0" errors="0" timestamp="2023-03-23T06:44:01" hostname="CN-PR-167" time="0.686">
  <properties/>
  <testcase name="checkWeekendDate_dateOnWeekend_shouldReturnFridayDate()" classname="az.example.rateofexchange.services.impl.ExchangeServiceImplTest" time="0.637"/>
  <testcase name="testConvertStringToLocalDate()" classname="az.example.rateofexchange.services.impl.ExchangeServiceImplTest" time="0.002"/>
  <testcase name="shouldThrowExceptionForInvalidDateFormat()" classname="az.example.rateofexchange.services.impl.ExchangeServiceImplTest" time="0.003"/>
  <testcase name="testSaveValuteCursIfNotExists()" classname="az.example.rateofexchange.services.impl.ExchangeServiceImplTest" time="0.026"/>
  <testcase name="saveCurrencyWhenDataExistsInDatabase()" classname="az.example.rateofexchange.services.impl.ExchangeServiceImplTest" time="0.005"/>
  <testcase name="testGetCurrencyByValuteThrowExceptionWhenNotExistsDatabase()" classname="az.example.rateofexchange.services.impl.ExchangeServiceImplTest" time="0.003"/>
  <testcase name="testGetCurrencyByValuteWhenFindInDatabase()" classname="az.example.rateofexchange.services.impl.ExchangeServiceImplTest" time="0.003"/>
  <system-out><![CDATA[10:44:01.733 [Test worker] INFO az.example.rateofexchange.services.impl.ExchangeServiceImpl - VALUTE CURS SAVED IN DATABASE
10:44:01.746 [Test worker] INFO az.example.rateofexchange.services.impl.ExchangeServiceImpl - DATA FOUND IN DATABASE
]]></system-out>
  <system-err><![CDATA[]]></system-err>
</testsuite>
