<?xml version="1.0" encoding="UTF-8"?>
<testsuite name="az.example.rateofexchange.RateofexchangeApplicationTests" tests="1" skipped="0" failures="0" errors="0" timestamp="2023-03-20T15:10:00" hostname="CN-PR-167" time="0.123">
  <properties/>
  <testcase name="contextLoads()" classname="az.example.rateofexchange.RateofexchangeApplicationTests" time="0.123"/>
  <system-out><![CDATA[19:09:53.575 [Test worker] DEBUG org.springframework.test.context.BootstrapUtils - Instantiating CacheAwareContextLoaderDelegate from class [org.springframework.test.context.cache.DefaultCacheAwareContextLoaderDelegate]
19:09:53.597 [Test worker] DEBUG org.springframework.test.context.BootstrapUtils - Instantiating BootstrapContext using constructor [public org.springframework.test.context.support.DefaultBootstrapContext(java.lang.Class,org.springframework.test.context.CacheAwareContextLoaderDelegate)]
19:09:53.644 [Test worker] DEBUG org.springframework.test.context.BootstrapUtils - Instantiating TestContextBootstrapper for test class [az.example.rateofexchange.RateofexchangeApplicationTests] from class [org.springframework.boot.test.context.SpringBootTestContextBootstrapper]
19:09:53.733 [Test worker] INFO org.springframework.boot.test.context.SpringBootTestContextBootstrapper - Neither @ContextConfiguration nor @ContextHierarchy found for test class [az.example.rateofexchange.RateofexchangeApplicationTests], using SpringBootContextLoader
19:09:53.746 [Test worker] DEBUG org.springframework.test.context.support.AbstractContextLoader - Did not detect default resource location for test class [az.example.rateofexchange.RateofexchangeApplicationTests]: class path resource [az/example/rateofexchange/RateofexchangeApplicationTests-context.xml] does not exist
19:09:53.746 [Test worker] DEBUG org.springframework.test.context.support.AbstractContextLoader - Did not detect default resource location for test class [az.example.rateofexchange.RateofexchangeApplicationTests]: class path resource [az/example/rateofexchange/RateofexchangeApplicationTestsContext.groovy] does not exist
19:09:53.746 [Test worker] INFO org.springframework.test.context.support.AbstractContextLoader - Could not detect default resource locations for test class [az.example.rateofexchange.RateofexchangeApplicationTests]: no resource found for suffixes {-context.xml, Context.groovy}.
19:09:53.746 [Test worker] INFO org.springframework.test.context.support.AnnotationConfigContextLoaderUtils - Could not detect default configuration classes for test class [az.example.rateofexchange.RateofexchangeApplicationTests]: RateofexchangeApplicationTests does not declare any static, non-private, non-final, nested classes annotated with @Configuration.
19:09:53.832 [Test worker] DEBUG org.springframework.test.context.support.ActiveProfilesUtils - Could not find an 'annotation declaring class' for annotation type [org.springframework.test.context.ActiveProfiles] and class [az.example.rateofexchange.RateofexchangeApplicationTests]
19:09:53.979 [Test worker] DEBUG org.springframework.context.annotation.ClassPathScanningCandidateComponentProvider - Identified candidate component class: file [C:\Java\rateofexchange\build\classes\java\main\az\example\rateofexchange\RateofExchangeApplication.class]
19:09:54.021 [Test worker] INFO org.springframework.boot.test.context.SpringBootTestContextBootstrapper - Found @SpringBootConfiguration az.example.rateofexchange.RateofExchangeApplication for test class az.example.rateofexchange.RateofexchangeApplicationTests
19:09:54.152 [Test worker] DEBUG org.springframework.boot.test.context.SpringBootTestContextBootstrapper - @TestExecutionListeners is not present for class [az.example.rateofexchange.RateofexchangeApplicationTests]: using defaults.
19:09:54.152 [Test worker] INFO org.springframework.boot.test.context.SpringBootTestContextBootstrapper - Loaded default TestExecutionListener class names from location [META-INF/spring.factories]: [org.springframework.boot.test.autoconfigure.restdocs.RestDocsTestExecutionListener, org.springframework.boot.test.autoconfigure.web.client.MockRestServiceServerResetTestExecutionListener, org.springframework.boot.test.autoconfigure.web.servlet.MockMvcPrintOnlyOnFailureTestExecutionListener, org.springframework.boot.test.autoconfigure.web.servlet.WebDriverTestExecutionListener, org.springframework.boot.test.autoconfigure.webservices.client.MockWebServiceServerTestExecutionListener, org.springframework.boot.test.mock.mockito.MockitoTestExecutionListener, org.springframework.boot.test.mock.mockito.ResetMocksTestExecutionListener, org.springframework.test.context.web.ServletTestExecutionListener, org.springframework.test.context.support.DirtiesContextBeforeModesTestExecutionListener, org.springframework.test.context.event.ApplicationEventsTestExecutionListener, org.springframework.test.context.support.DependencyInjectionTestExecutionListener, org.springframework.test.context.support.DirtiesContextTestExecutionListener, org.springframework.test.context.transaction.TransactionalTestExecutionListener, org.springframework.test.context.jdbc.SqlScriptsTestExecutionListener, org.springframework.test.context.event.EventPublishingTestExecutionListener]
19:09:54.185 [Test worker] INFO org.springframework.boot.test.context.SpringBootTestContextBootstrapper - Using TestExecutionListeners: [org.springframework.test.context.web.ServletTestExecutionListener@6b85300e, org.springframework.test.context.support.DirtiesContextBeforeModesTestExecutionListener@3aaf4f07, org.springframework.test.context.event.ApplicationEventsTestExecutionListener@5cbf9e9f, org.springframework.boot.test.mock.mockito.MockitoTestExecutionListener@18e8473e, org.springframework.boot.test.autoconfigure.SpringBootDependencyInjectionTestExecutionListener@5a2f016d, org.springframework.test.context.support.DirtiesContextTestExecutionListener@1a38ba58, org.springframework.test.context.transaction.TransactionalTestExecutionListener@3ad394e6, org.springframework.test.context.jdbc.SqlScriptsTestExecutionListener@6058e535, org.springframework.test.context.event.EventPublishingTestExecutionListener@42deb43a, org.springframework.boot.test.autoconfigure.restdocs.RestDocsTestExecutionListener@1deb2c43, org.springframework.boot.test.autoconfigure.web.client.MockRestServiceServerResetTestExecutionListener@3bb9efbc, org.springframework.boot.test.autoconfigure.web.servlet.MockMvcPrintOnlyOnFailureTestExecutionListener@1cefc4b3, org.springframework.boot.test.autoconfigure.web.servlet.WebDriverTestExecutionListener@2b27cc70, org.springframework.boot.test.autoconfigure.webservices.client.MockWebServiceServerTestExecutionListener@6f6a7463, org.springframework.boot.test.mock.mockito.ResetMocksTestExecutionListener@1bdaa23d]
19:09:54.185 [Test worker] DEBUG org.springframework.test.context.support.AbstractDirtiesContextTestExecutionListener - Before test class: context [DefaultTestContext@32c0915e testClass = RateofexchangeApplicationTests, testInstance = [null], testMethod = [null], testException = [null], mergedContextConfiguration = [WebMergedContextConfiguration@106faf11 testClass = RateofexchangeApplicationTests, locations = '{}', classes = '{class az.example.rateofexchange.RateofExchangeApplication}', contextInitializerClasses = '[]', activeProfiles = '{}', propertySourceLocations = '{}', propertySourceProperties = '{org.springframework.boot.test.context.SpringBootTestContextBootstrapper=true}', contextCustomizers = set[org.springframework.boot.test.autoconfigure.actuate.metrics.MetricsExportContextCustomizerFactory$DisableMetricExportContextCustomizer@5af3a0f, org.springframework.boot.test.autoconfigure.properties.PropertyMappingContextCustomizer@0, org.springframework.boot.test.autoconfigure.web.servlet.WebDriverContextCustomizerFactory$Customizer@662f5666, org.springframework.boot.test.context.filter.ExcludeFilterContextCustomizer@502f1f4c, org.springframework.boot.test.json.DuplicateJsonObjectContextCustomizerFactory$DuplicateJsonObjectContextCustomizer@4fbda97b, org.springframework.boot.test.mock.mockito.MockitoContextCustomizer@0, org.springframework.boot.test.web.client.TestRestTemplateContextCustomizer@590c73d3, org.springframework.boot.test.context.SpringBootTestArgs@1, org.springframework.boot.test.context.SpringBootTestWebEnvironment@4d6025c5], resourceBasePath = 'src/main/webapp', contextLoader = 'org.springframework.boot.test.context.SpringBootContextLoader', parent = [null]], attributes = map['org.springframework.test.context.web.ServletTestExecutionListener.activateListener' -> true]], class annotated with @DirtiesContext [false] with mode [null].

  .   ____          _            __ _ _
 /\\ / ___'_ __ _ _(_)_ __  __ _ \ \ \ \
( ( )\___ | '_ | '_| | '_ \/ _` | \ \ \ \
 \\/  ___)| |_)| | | | | || (_| |  ) ) ) )
  '  |____| .__|_| |_|_| |_\__, | / / / /
 =========|_|==============|___/=/_/_/_/
 :: Spring Boot ::                (v2.7.9)

2023-03-20 19:09:54.715  INFO 42720 --- [    Test worker] a.e.r.RateofexchangeApplicationTests     : Starting RateofexchangeApplicationTests using Java 11.0.16.1 on CN-PR-167 with PID 42720 (started by abbas.musayev in C:\Java\rateofexchange)
2023-03-20 19:09:54.715  INFO 42720 --- [    Test worker] a.e.r.RateofexchangeApplicationTests     : The following 3 profiles are active: "server", "lang", "main"
2023-03-20 19:09:55.564  INFO 42720 --- [    Test worker] .s.d.r.c.RepositoryConfigurationDelegate : Bootstrapping Spring Data JPA repositories in DEFAULT mode.
2023-03-20 19:09:55.670  INFO 42720 --- [    Test worker] .s.d.r.c.RepositoryConfigurationDelegate : Finished Spring Data repository scanning in 106 ms. Found 5 JPA repository interfaces.
2023-03-20 19:09:56.331  INFO 42720 --- [    Test worker] o.hibernate.jpa.internal.util.LogHelper  : HHH000204: Processing PersistenceUnitInfo [name: default]
2023-03-20 19:09:56.379  INFO 42720 --- [    Test worker] org.hibernate.Version                    : HHH000412: Hibernate ORM core version 5.6.15.Final
2023-03-20 19:09:56.577  INFO 42720 --- [    Test worker] o.hibernate.annotations.common.Version   : HCANN000001: Hibernate Commons Annotations {5.1.2.Final}
2023-03-20 19:09:56.692  INFO 42720 --- [    Test worker] com.zaxxer.hikari.HikariDataSource       : HikariPool-1 - Starting...
2023-03-20 19:09:56.900  INFO 42720 --- [    Test worker] com.zaxxer.hikari.HikariDataSource       : HikariPool-1 - Start completed.
2023-03-20 19:09:56.917  INFO 42720 --- [    Test worker] org.hibernate.dialect.Dialect            : HHH000400: Using dialect: org.hibernate.dialect.PostgreSQLDialect
2023-03-20 19:09:57.753  INFO 42720 --- [    Test worker] o.h.e.t.j.p.i.JtaPlatformInitiator       : HHH000490: Using JtaPlatform implementation: [org.hibernate.engine.transaction.jta.platform.internal.NoJtaPlatform]
2023-03-20 19:09:57.763  INFO 42720 --- [    Test worker] j.LocalContainerEntityManagerFactoryBean : Initialized JPA EntityManagerFactory for persistence unit 'default'
2023-03-20 19:09:59.790  INFO 42720 --- [    Test worker] o.s.s.web.DefaultSecurityFilterChain     : Will secure any request with [org.springframework.security.web.session.DisableEncodeUrlFilter@5bb24266, org.springframework.security.web.context.request.async.WebAsyncManagerIntegrationFilter@63437af4, org.springframework.security.web.context.SecurityContextPersistenceFilter@7e092ca, org.springframework.security.web.header.HeaderWriterFilter@62109320, az.example.rateofexchange.auth.JwtAuthRequestFilter$$EnhancerBySpringCGLIB$$b10cb561@32f54c2a, org.springframework.security.web.authentication.UsernamePasswordAuthenticationFilter@3b2317b7, org.springframework.security.web.authentication.www.BasicAuthenticationFilter@541d8a9e, org.springframework.security.web.savedrequest.RequestCacheAwareFilter@67544105, org.springframework.security.web.servletapi.SecurityContextHolderAwareRequestFilter@69c7fb94, org.springframework.security.web.authentication.AnonymousAuthenticationFilter@33f059ad, org.springframework.security.web.session.SessionManagementFilter@50915d5, org.springframework.security.web.access.ExceptionTranslationFilter@5220e6ff, org.springframework.security.web.access.intercept.FilterSecurityInterceptor@6fc84468]
2023-03-20 19:09:59.891  INFO 42720 --- [    Test worker] a.e.r.RateofexchangeApplicationTests     : Started RateofexchangeApplicationTests in 5.657 seconds (JVM running for 8.168)
2023-03-20 19:09:59.983  INFO 42720 --- [    Test worker] a.e.rateofexchange.auth.JwtService       : Issue JWT token to User(id=1, username=Abbas, password=null, email=null, isAccountNonExpired=true, isAccountNonLocked=true, isCredentialsNonExpired=true, isEnabled=true, authorities=[Authority(id=null, role=ADMIN)])
2023-03-20 19:10:00.052  INFO 42720 --- [    Test worker] a.e.r.RateofExchangeApplication          : ADMIN TOKEN eyJ0eXBlIjoiSldUIiwiYWxnIjoiSFMyNTYifQ.eyJpYXQiOjE2NzkzMjQ5OTksInVzZXJuYW1lIjoiQWJiYXMiLCJ1c2VySWQiOjEsInJvbGUiOlsiQURNSU4iXSwiZXhwIjoxNjgwMzI0OTk5fQ.Du3v1ij2v3AYmD-5ZTmhw0-M_umytEDFLSCKpufVJW8
]]></system-out>
  <system-err><![CDATA[]]></system-err>
</testsuite>
